[0m08:58:57.536861 [debug] [MainThread]: Sending event: {'category': 'dbt', 'action': 'invocation', 'label': 'start', 'context': [<snowplow_tracker.self_describing_json.SelfDescribingJson object at 0x7b26482461b0>, <snowplow_tracker.self_describing_json.SelfDescribingJson object at 0x7b264898a300>, <snowplow_tracker.self_describing_json.SelfDescribingJson object at 0x7b2649995be0>]}


============================== 08:58:57.646615 | 66d13227-2987-4c71-9884-fb2f04d17873 ==============================
[0m08:58:57.646615 [info ] [MainThread]: Running with dbt=1.9.4
[0m08:58:57.647554 [debug] [MainThread]: running dbt with arguments {'printer_width': '80', 'indirect_selection': 'eager', 'write_json': 'True', 'log_cache_events': 'False', 'partial_parse': 'True', 'cache_selected_only': 'False', 'profiles_dir': '/config/.dbt', 'fail_fast': 'False', 'version_check': 'True', 'log_path': 'logs', 'debug': 'False', 'warn_error': 'None', 'use_colors': 'True', 'use_experimental_parser': 'False', 'no_print': 'None', 'quiet': 'False', 'empty': 'None', 'log_format': 'default', 'introspect': 'True', 'warn_error_options': 'WarnErrorOptions(include=[], exclude=[])', 'static_parser': 'True', 'target_path': 'None', 'invocation_command': 'dbt init dbt_project', 'send_anonymous_usage_stats': 'True'}
[0m08:58:57.718790 [warn ] [MainThread]: [ConfigFolderDirectory]: Unable to parse logging event dictionary. Failed to parse dir field: expected string or bytes-like object, got 'PosixPath'.. Dictionary: {'dir': PosixPath('/config/.dbt')}
[0m08:58:57.719774 [info ] [MainThread]: Creating dbt configuration folder at 
[0m08:58:57.722420 [debug] [MainThread]: Starter project path: /app/venv/lib/python3.12/site-packages/dbt/include/starter_project
[0m08:58:57.727395 [info ] [MainThread]: 
Your new dbt project "dbt_project" was created!

For more information on how to configure the profiles.yml file,
please consult the dbt documentation here:

  https://docs.getdbt.com/docs/configure-your-profile

One more thing:

Need help? Don't hesitate to reach out to us via GitHub issues or on Slack:

  https://community.getdbt.com/

Happy modeling!

[0m08:58:57.728104 [info ] [MainThread]: Setting up your profile.
[0m08:59:05.928507 [info ] [MainThread]: Profile dbt_project written to /config/.dbt/profiles.yml using target's sample configuration. Once updated, you'll be able to start developing with dbt.
[0m08:59:05.930573 [debug] [MainThread]: Resource report: {"command_name": "init", "command_success": true, "command_wall_clock_time": 8.485662, "process_in_blocks": "0", "process_kernel_time": 0.58584, "process_mem_max_rss": "122592", "process_out_blocks": "72", "process_user_time": 4.612502}
[0m08:59:05.931445 [debug] [MainThread]: Command `dbt init` succeeded at 08:59:05.931236 after 8.49 seconds
[0m08:59:05.932038 [debug] [MainThread]: Sending event: {'category': 'dbt', 'action': 'invocation', 'label': 'end', 'context': [<snowplow_tracker.self_describing_json.SelfDescribingJson object at 0x7b2648490740>, <snowplow_tracker.self_describing_json.SelfDescribingJson object at 0x7b264a01b4d0>, <snowplow_tracker.self_describing_json.SelfDescribingJson object at 0x7b2648b38ec0>]}
[0m08:59:05.932710 [debug] [MainThread]: Flushing usage events
[0m08:59:06.395301 [debug] [MainThread]: An error was encountered while trying to flush usage events
